nohup: ignoring input

> fact-checker-frontend@0.1.0 dev
> vite


  VITE v5.4.20  ready in 539 ms

  ➜  Local:   http://localhost:3000/
  ➜  Network: use --host to expose
8:43:11 AM [vite] hmr update /src/App.jsx, /src/index.css, /src/components/StatsPage.jsx, /src/components/HistoryPage.jsx
8:43:11 AM [vite] hmr update /src/components/ResultCard.jsx, /src/index.css
8:48:52 AM [vite] page reload tailwind.config.js
8:48:53 AM [vite] Pre-transform error: [postcss] Cannot find module '@tailwindcss/forms'
Require stack:
- /home/akash/newpro/fact-checker/frontend/tailwind.config.js
8:48:53 AM [vite] Pre-transform error: [postcss] Cannot find module '@tailwindcss/forms'
Require stack:
- /home/akash/newpro/fact-checker/frontend/tailwind.config.js
8:48:53 AM [vite] Internal server error: [postcss] Cannot find module '@tailwindcss/forms'
Require stack:
- /home/akash/newpro/fact-checker/frontend/tailwind.config.js
  Plugin: vite:css
  File: /home/akash/newpro/fact-checker/frontend/node_modules/react-toastify/dist/ReactToastify.css:undefined:NaN
      at Module._resolveFilename (node:internal/modules/cjs/loader:1134:15)
      at Function.resolve (node:internal/modules/helpers:188:19)
      at _resolve (/home/akash/newpro/fact-checker/frontend/node_modules/jiti/dist/jiti.js:1:246378)
      at jiti (/home/akash/newpro/fact-checker/frontend/node_modules/jiti/dist/jiti.js:1:249092)
      at /home/akash/newpro/fact-checker/frontend/tailwind.config.js:150:5
      at evalModule (/home/akash/newpro/fact-checker/frontend/node_modules/jiti/dist/jiti.js:1:251913)
      at jiti (/home/akash/newpro/fact-checker/frontend/node_modules/jiti/dist/jiti.js:1:249841)
      at /home/akash/newpro/fact-checker/frontend/node_modules/tailwindcss/lib/lib/load-config.js:52:26
      at loadConfig (/home/akash/newpro/fact-checker/frontend/node_modules/tailwindcss/lib/lib/load-config.js:62:6)
      at getTailwindConfig (/home/akash/newpro/fact-checker/frontend/node_modules/tailwindcss/lib/lib/setupTrackingContext.js:71:116)
      at /home/akash/newpro/fact-checker/frontend/node_modules/tailwindcss/lib/lib/setupTrackingContext.js:100:92
      at /home/akash/newpro/fact-checker/frontend/node_modules/tailwindcss/lib/processTailwindFeatures.js:46:11
      at plugins (/home/akash/newpro/fact-checker/frontend/node_modules/tailwindcss/lib/plugin.js:38:69)
      at LazyResult.runOnRoot (/home/akash/newpro/fact-checker/frontend/node_modules/postcss/lib/lazy-result.js:361:16)
      at LazyResult.runAsync (/home/akash/newpro/fact-checker/frontend/node_modules/postcss/lib/lazy-result.js:290:26)
      at LazyResult.async (/home/akash/newpro/fact-checker/frontend/node_modules/postcss/lib/lazy-result.js:192:30)
      at LazyResult.then (/home/akash/newpro/fact-checker/frontend/node_modules/postcss/lib/lazy-result.js:436:17)
8:48:53 AM [vite] Internal server error: [postcss] Cannot find module '@tailwindcss/forms'
Require stack:
- /home/akash/newpro/fact-checker/frontend/tailwind.config.js
  Plugin: vite:css
  File: /home/akash/newpro/fact-checker/frontend/src/index.css:undefined:NaN
      at Module._resolveFilename (node:internal/modules/cjs/loader:1134:15)
      at Function.resolve (node:internal/modules/helpers:188:19)
      at _resolve (/home/akash/newpro/fact-checker/frontend/node_modules/jiti/dist/jiti.js:1:246378)
      at jiti (/home/akash/newpro/fact-checker/frontend/node_modules/jiti/dist/jiti.js:1:249092)
      at /home/akash/newpro/fact-checker/frontend/tailwind.config.js:150:5
      at evalModule (/home/akash/newpro/fact-checker/frontend/node_modules/jiti/dist/jiti.js:1:251913)
      at jiti (/home/akash/newpro/fact-checker/frontend/node_modules/jiti/dist/jiti.js:1:249841)
      at /home/akash/newpro/fact-checker/frontend/node_modules/tailwindcss/lib/lib/load-config.js:52:26
      at loadConfig (/home/akash/newpro/fact-checker/frontend/node_modules/tailwindcss/lib/lib/load-config.js:62:6)
      at getTailwindConfig (/home/akash/newpro/fact-checker/frontend/node_modules/tailwindcss/lib/lib/setupTrackingContext.js:71:116)
      at /home/akash/newpro/fact-checker/frontend/node_modules/tailwindcss/lib/lib/setupTrackingContext.js:100:92
      at /home/akash/newpro/fact-checker/frontend/node_modules/tailwindcss/lib/processTailwindFeatures.js:46:11
      at plugins (/home/akash/newpro/fact-checker/frontend/node_modules/tailwindcss/lib/plugin.js:38:69)
      at LazyResult.runOnRoot (/home/akash/newpro/fact-checker/frontend/node_modules/postcss/lib/lazy-result.js:361:16)
      at LazyResult.runAsync (/home/akash/newpro/fact-checker/frontend/node_modules/postcss/lib/lazy-result.js:290:26)
      at LazyResult.async (/home/akash/newpro/fact-checker/frontend/node_modules/postcss/lib/lazy-result.js:192:30)
      at LazyResult.then (/home/akash/newpro/fact-checker/frontend/node_modules/postcss/lib/lazy-result.js:436:17)
8:48:53 AM [vite] Internal server error: [postcss] Cannot find module '@tailwindcss/forms'
Require stack:
- /home/akash/newpro/fact-checker/frontend/tailwind.config.js
  Plugin: vite:css
  File: /home/akash/newpro/fact-checker/frontend/node_modules/react-toastify/dist/ReactToastify.css:undefined:NaN
      at Module._resolveFilename (node:internal/modules/cjs/loader:1134:15)
      at Function.resolve (node:internal/modules/helpers:188:19)
      at _resolve (/home/akash/newpro/fact-checker/frontend/node_modules/jiti/dist/jiti.js:1:246378)
      at jiti (/home/akash/newpro/fact-checker/frontend/node_modules/jiti/dist/jiti.js:1:249092)
      at /home/akash/newpro/fact-checker/frontend/tailwind.config.js:150:5
      at evalModule (/home/akash/newpro/fact-checker/frontend/node_modules/jiti/dist/jiti.js:1:251913)
      at jiti (/home/akash/newpro/fact-checker/frontend/node_modules/jiti/dist/jiti.js:1:249841)
      at /home/akash/newpro/fact-checker/frontend/node_modules/tailwindcss/lib/lib/load-config.js:52:26
      at loadConfig (/home/akash/newpro/fact-checker/frontend/node_modules/tailwindcss/lib/lib/load-config.js:62:6)
      at getTailwindConfig (/home/akash/newpro/fact-checker/frontend/node_modules/tailwindcss/lib/lib/setupTrackingContext.js:71:116)
      at /home/akash/newpro/fact-checker/frontend/node_modules/tailwindcss/lib/lib/setupTrackingContext.js:100:92
      at /home/akash/newpro/fact-checker/frontend/node_modules/tailwindcss/lib/processTailwindFeatures.js:46:11
      at plugins (/home/akash/newpro/fact-checker/frontend/node_modules/tailwindcss/lib/plugin.js:38:69)
      at LazyResult.runOnRoot (/home/akash/newpro/fact-checker/frontend/node_modules/postcss/lib/lazy-result.js:361:16)
      at LazyResult.runAsync (/home/akash/newpro/fact-checker/frontend/node_modules/postcss/lib/lazy-result.js:290:26)
      at LazyResult.async (/home/akash/newpro/fact-checker/frontend/node_modules/postcss/lib/lazy-result.js:192:30)
      at LazyResult.then (/home/akash/newpro/fact-checker/frontend/node_modules/postcss/lib/lazy-result.js:436:17)
8:48:53 AM [vite] Internal server error: [postcss] Cannot find module '@tailwindcss/forms'
Require stack:
- /home/akash/newpro/fact-checker/frontend/tailwind.config.js
  Plugin: vite:css
  File: /home/akash/newpro/fact-checker/frontend/src/index.css:undefined:NaN
      at Module._resolveFilename (node:internal/modules/cjs/loader:1134:15)
      at Function.resolve (node:internal/modules/helpers:188:19)
      at _resolve (/home/akash/newpro/fact-checker/frontend/node_modules/jiti/dist/jiti.js:1:246378)
      at jiti (/home/akash/newpro/fact-checker/frontend/node_modules/jiti/dist/jiti.js:1:249092)
      at /home/akash/newpro/fact-checker/frontend/tailwind.config.js:150:5
      at evalModule (/home/akash/newpro/fact-checker/frontend/node_modules/jiti/dist/jiti.js:1:251913)
      at jiti (/home/akash/newpro/fact-checker/frontend/node_modules/jiti/dist/jiti.js:1:249841)
      at /home/akash/newpro/fact-checker/frontend/node_modules/tailwindcss/lib/lib/load-config.js:52:26
      at loadConfig (/home/akash/newpro/fact-checker/frontend/node_modules/tailwindcss/lib/lib/load-config.js:62:6)
      at getTailwindConfig (/home/akash/newpro/fact-checker/frontend/node_modules/tailwindcss/lib/lib/setupTrackingContext.js:71:116)
      at /home/akash/newpro/fact-checker/frontend/node_modules/tailwindcss/lib/lib/setupTrackingContext.js:100:92
      at /home/akash/newpro/fact-checker/frontend/node_modules/tailwindcss/lib/processTailwindFeatures.js:46:11
      at plugins (/home/akash/newpro/fact-checker/frontend/node_modules/tailwindcss/lib/plugin.js:38:69)
      at LazyResult.runOnRoot (/home/akash/newpro/fact-checker/frontend/node_modules/postcss/lib/lazy-result.js:361:16)
      at LazyResult.runAsync (/home/akash/newpro/fact-checker/frontend/node_modules/postcss/lib/lazy-result.js:290:26)
      at LazyResult.async (/home/akash/newpro/fact-checker/frontend/node_modules/postcss/lib/lazy-result.js:192:30)
      at LazyResult.then (/home/akash/newpro/fact-checker/frontend/node_modules/postcss/lib/lazy-result.js:436:17)
8:50:22 AM [vite] hmr update /src/index.css
8:50:22 AM [vite] Pre-transform error: [postcss] Cannot find module '@tailwindcss/forms'
Require stack:
- /home/akash/newpro/fact-checker/frontend/tailwind.config.js
8:50:22 AM [vite] Pre-transform error: [postcss] /home/akash/newpro/fact-checker/frontend/src/index.css:286:1: Unexpected }
8:50:22 AM [vite] Internal server error: [postcss] Cannot find module '@tailwindcss/forms'
Require stack:
- /home/akash/newpro/fact-checker/frontend/tailwind.config.js
  Plugin: vite:css
  File: /home/akash/newpro/fact-checker/frontend/node_modules/react-toastify/dist/ReactToastify.css:undefined:NaN
      at Module._resolveFilename (node:internal/modules/cjs/loader:1134:15)
      at Function.resolve (node:internal/modules/helpers:188:19)
      at _resolve (/home/akash/newpro/fact-checker/frontend/node_modules/jiti/dist/jiti.js:1:246378)
      at jiti (/home/akash/newpro/fact-checker/frontend/node_modules/jiti/dist/jiti.js:1:249092)
      at /home/akash/newpro/fact-checker/frontend/tailwind.config.js:150:5
      at evalModule (/home/akash/newpro/fact-checker/frontend/node_modules/jiti/dist/jiti.js:1:251913)
      at jiti (/home/akash/newpro/fact-checker/frontend/node_modules/jiti/dist/jiti.js:1:249841)
      at /home/akash/newpro/fact-checker/frontend/node_modules/tailwindcss/lib/lib/load-config.js:52:26
      at loadConfig (/home/akash/newpro/fact-checker/frontend/node_modules/tailwindcss/lib/lib/load-config.js:62:6)
      at getTailwindConfig (/home/akash/newpro/fact-checker/frontend/node_modules/tailwindcss/lib/lib/setupTrackingContext.js:71:116)
      at /home/akash/newpro/fact-checker/frontend/node_modules/tailwindcss/lib/lib/setupTrackingContext.js:100:92
      at /home/akash/newpro/fact-checker/frontend/node_modules/tailwindcss/lib/processTailwindFeatures.js:46:11
      at plugins (/home/akash/newpro/fact-checker/frontend/node_modules/tailwindcss/lib/plugin.js:38:69)
      at LazyResult.runOnRoot (/home/akash/newpro/fact-checker/frontend/node_modules/postcss/lib/lazy-result.js:361:16)
      at LazyResult.runAsync (/home/akash/newpro/fact-checker/frontend/node_modules/postcss/lib/lazy-result.js:290:26)
      at LazyResult.async (/home/akash/newpro/fact-checker/frontend/node_modules/postcss/lib/lazy-result.js:192:30)
      at LazyResult.then (/home/akash/newpro/fact-checker/frontend/node_modules/postcss/lib/lazy-result.js:436:17)
8:50:22 AM [vite] Internal server error: [postcss] /home/akash/newpro/fact-checker/frontend/src/index.css:286:1: Unexpected }
  Plugin: vite:css
  File: /home/akash/newpro/fact-checker/frontend/src/index.css:286:0
  284|    }
  285|  }
  286|  }
     |  ^
  287|  
  288|  .loading-dots div:nth-child(1) {
      at Input.error (/home/akash/newpro/fact-checker/frontend/node_modules/postcss/lib/input.js:135:16)
      at Parser.unexpectedClose (/home/akash/newpro/fact-checker/frontend/node_modules/postcss/lib/parser.js:587:22)
      at Parser.end (/home/akash/newpro/fact-checker/frontend/node_modules/postcss/lib/parser.js:330:12)
      at Parser.parse (/home/akash/newpro/fact-checker/frontend/node_modules/postcss/lib/parser.js:456:16)
      at parse (/home/akash/newpro/fact-checker/frontend/node_modules/postcss/lib/parse.js:11:12)
      at new LazyResult (/home/akash/newpro/fact-checker/frontend/node_modules/postcss/lib/lazy-result.js:165:16)
      at Processor.process (/home/akash/newpro/fact-checker/frontend/node_modules/postcss/lib/processor.js:53:14)
      at compileCSS (file:///home/akash/newpro/fact-checker/frontend/node_modules/vite/dist/node/chunks/dep-D_zLpgQd.js:36898:59)
      at async TransformPluginContext.transform (file:///home/akash/newpro/fact-checker/frontend/node_modules/vite/dist/node/chunks/dep-D_zLpgQd.js:36171:11)
      at async PluginContainer.transform (file:///home/akash/newpro/fact-checker/frontend/node_modules/vite/dist/node/chunks/dep-D_zLpgQd.js:49099:18)
      at async loadAndTransform (file:///home/akash/newpro/fact-checker/frontend/node_modules/vite/dist/node/chunks/dep-D_zLpgQd.js:51977:27)
      at async viteTransformMiddleware (file:///home/akash/newpro/fact-checker/frontend/node_modules/vite/dist/node/chunks/dep-D_zLpgQd.js:62105:24)
8:50:42 AM [vite] hmr update /src/index.css
8:51:31 AM [vite] hmr update /src/index.css
8:52:21 AM [vite] hmr update /src/App.jsx, /src/index.css
8:53:03 AM [vite] hmr update /src/App.jsx, /src/index.css
8:53:59 AM [vite] hmr update /src/App.jsx, /src/index.css
8:55:21 AM [vite] hmr update /src/components/InputForm.jsx, /src/index.css
8:55:48 AM [vite] hmr update /src/components/InputForm.jsx, /src/index.css
9:01:51 AM [vite] hmr update /src/components/InputForm.jsx, /src/index.css
9:08:12 AM [vite] hmr update /src/App.jsx, /src/index.css, /src/components/StatsPage.jsx, /src/components/HistoryPage.jsx
9:08:44 AM [vite] hmr update /src/components/ResultCard.jsx, /src/index.css
